<?xml version="1.0" encoding="UTF-8"?>
<!-- Generated by org.testng.reporters.JUnitReportReporter -->
<testsuite hostname="BSC-PG02J344" failures="0" tests="2" name="testCases.TC002_Login_Test" time="3.078" errors="0" timestamp="2024-11-04T18:23:19 IST" skipped="0">
  <testcase classname="testCases.TC002_Login_Test" name="verifyLogin" time="1.566"/>
  <testcase classname="testCases.TC002_Login_Test" name="verifyLogin" time="1.512"/>
</testsuite> <!-- testCases.TC002_Login_Test -->
