<?xml version="1.0" encoding="UTF-8"?>
<!-- Generated by org.testng.reporters.JUnitReportReporter -->
<testsuite hostname="BSC-PG02J344" failures="0" tests="2" name="testCases.TC001_Account_Registration_Test" time="6.484" errors="0" timestamp="2024-11-04T18:23:19 IST" skipped="0">
  <testcase classname="testCases.TC001_Account_Registration_Test" name="verifyAccountRegistration" time="2.551"/>
  <testcase classname="testCases.TC001_Account_Registration_Test" name="verifyAccountRegistration" time="3.933"/>
</testsuite> <!-- testCases.TC001_Account_Registration_Test -->
